<?xml version="1.0" encoding="utf-8"?><testsuites name="pytest tests"><testsuite name="pytest" errors="0" failures="1" skipped="2" tests="31" time="15.375" timestamp="2025-09-27T17:02:10.363657-03:00" hostname="note-dago"><testcase classname="" name="tests.unit.test_installation" time="0.000"><skipped message="collection skipped">('/home/dcm/Projetos/cluster-ai/tests/unit/test_installation.py', 19, 'Skipped: Não foi possível importar os módulos do projeto. Pulando testes unitários.')</skipped></testcase><testcase classname="tests.e2e.test_basic_system_flow.TestBasicSystemFlow" name="test_project_structure_integrity" time="0.003" /><testcase classname="tests.e2e.test_basic_system_flow.TestBasicSystemFlow" name="test_manager_script_execution" time="0.031" /><testcase classname="tests.e2e.test_basic_system_flow.TestBasicSystemFlow" name="test_python_environment_setup" time="0.354" /><testcase classname="tests.e2e.test_basic_system_flow.TestBasicSystemFlow" name="test_requirements_installation" time="0.568" /><testcase classname="tests.e2e.test_basic_system_flow.TestBasicSystemFlow" name="test_script_permissions" time="0.001" /><testcase classname="tests.e2e.test_basic_system_flow.TestBasicSystemFlow" name="test_log_directory_creation" time="0.001" /><testcase classname="tests.e2e.test_basic_system_flow.TestBasicSystemFlow" name="test_config_directory_structure" time="0.003" /><testcase classname="tests.e2e.test_basic_system_flow.TestBasicSystemFlow" name="test_system_dependencies_check" time="0.016" /><testcase classname="tests.e2e.test_basic_system_flow.TestBasicSystemFlow" name="test_file_system_permissions" time="0.002" /><testcase classname="tests.e2e.test_basic_system_flow.TestBasicSystemFlow" name="test_environment_variables" time="0.001" /><testcase classname="tests.e2e.test_basic_system_flow.TestSystemIntegrationFlow" name="test_docker_availability" time="0.024" /><testcase classname="tests.e2e.test_basic_system_flow.TestSystemIntegrationFlow" name="test_network_connectivity" time="0.001" /><testcase classname="tests.e2e.test_basic_system_flow.TestSystemIntegrationFlow" name="test_system_resource_monitoring" time="0.102" /><testcase classname="tests.e2e.test_basic_system_flow.TestSystemIntegrationFlow" name="test_process_management" time="0.005" /><testcase classname="tests.e2e.test_basic_system_flow.TestConfigurationFlow" name="test_config_file_parsing" time="0.002" /><testcase classname="tests.e2e.test_basic_system_flow.TestConfigurationFlow" name="test_environment_specific_config" time="0.001" /><testcase classname="tests.installation.test_rstudio_installation" name="test_r_installation" time="0.015" /><testcase classname="tests.installation.test_rstudio_installation" name="test_rstudio_installation" time="0.481" /><testcase classname="tests.installation.test_rstudio_installation" name="test_r_libraries" time="3.392" /><testcase classname="tests.installation.test_rstudio_installation" name="test_r_profile" time="0.001" /><testcase classname="tests.installation.test_rstudio_installation" name="test_example_script" time="0.002" /><testcase classname="tests.installation.test_rstudio_installation" name="test_desktop_shortcut" time="0.002" /><testcase classname="tests.installation.test_rstudio_installation" name="test_r_dask_connection" time="1.091"><skipped type="pytest.skip" message="Conexão Dask do R não testada (cluster pode não estar rodando)">/home/dcm/Projetos/cluster-ai/tests/installation/test_rstudio_installation.py:156: Conexão Dask do R não testada (cluster pode não estar rodando)</skipped></testcase><testcase classname="tests.integration.test_android_worker_integration.TestAndroidWorkerIntegration" name="test_android_worker_discovery_simulation" time="0.054" /><testcase classname="tests.integration.test_android_worker_integration.TestAndroidWorkerIntegration" name="test_android_worker_registration_flow" time="0.018" /><testcase classname="tests.integration.test_android_worker_integration.TestAndroidWorkerIntegration" name="test_android_worker_ssh_connection" time="0.004" /><testcase classname="tests.integration.test_android_worker_integration.TestAndroidWorkerIntegration" name="test_android_worker_script_execution" time="0.003" /><testcase classname="tests.integration.test_android_worker_integration.TestAndroidWorkerIntegration" name="test_android_worker_health_check" time="0.005" /><testcase classname="tests.integration.test_android_worker_integration.TestAndroidWorkerIntegration" name="test_android_worker_resource_monitoring" time="0.004" /><testcase classname="tests.integration.test_android_worker_integration.TestAndroidWorkerIntegration" name="test_full_android_worker_lifecycle" time="0.004"><failure message="ModuleNotFoundError: No module named 'paramiko'">tests/integration/test_android_worker_integration.py:221: in test_full_android_worker_lifecycle
    with patch("subprocess.run") as mock_run, patch(
/usr/lib/python3.13/unittest/mock.py:1481: in __enter__
    self.target = self.getter()
                  ^^^^^^^^^^^^^
/usr/lib/python3.13/pkgutil.py:513: in resolve_name
    mod = importlib.import_module(modname)
          ^^^^^^^^^^^^^^^^^^^^^^^^^^^^^^^^
/usr/lib/python3.13/importlib/__init__.py:88: in import_module
    return _bootstrap._gcd_import(name[level:], package, level)
           ^^^^^^^^^^^^^^^^^^^^^^^^^^^^^^^^^^^^^^^^^^^^^^^^^^^^
&lt;frozen importlib._bootstrap&gt;:1387: in _gcd_import
    ???
&lt;frozen importlib._bootstrap&gt;:1360: in _find_and_load
    ???
&lt;frozen importlib._bootstrap&gt;:1324: in _find_and_load_unlocked
    ???
E   ModuleNotFoundError: No module named 'paramiko'</failure></testcase></testsuite></testsuites>