<?xml version="1.0" encoding="utf-8"?><testsuites name="pytest tests"><testsuite name="pytest" errors="0" failures="1" skipped="4" tests="140" time="144.717" timestamp="2025-10-02T10:48:05.806820-03:00" hostname="note-dago"><testcase classname="" name="tests.unit.test_installation" time="0.000"><skipped message="collection skipped">('/home/dcm/Projetos/cluster-ai/tests/unit/test_installation.py', 20, 'Skipped: Não foi possível importar os módulos do projeto. Pulando testes unitários.')</skipped></testcase><testcase classname="tests.e2e.test_basic_system_flow.TestBasicSystemFlow" name="test_project_structure_integrity" time="0.459" /><testcase classname="tests.e2e.test_basic_system_flow.TestBasicSystemFlow" name="test_manager_script_execution" time="0.477" /><testcase classname="tests.e2e.test_basic_system_flow.TestBasicSystemFlow" name="test_python_environment_setup" time="0.808" /><testcase classname="tests.e2e.test_basic_system_flow.TestBasicSystemFlow" name="test_requirements_installation" time="2.194" /><testcase classname="tests.e2e.test_basic_system_flow.TestBasicSystemFlow" name="test_script_permissions" time="0.441" /><testcase classname="tests.e2e.test_basic_system_flow.TestBasicSystemFlow" name="test_log_directory_creation" time="0.434" /><testcase classname="tests.e2e.test_basic_system_flow.TestBasicSystemFlow" name="test_config_directory_structure" time="0.439" /><testcase classname="tests.e2e.test_basic_system_flow.TestBasicSystemFlow" name="test_system_dependencies_check" time="0.462" /><testcase classname="tests.e2e.test_basic_system_flow.TestBasicSystemFlow" name="test_file_system_permissions" time="0.438" /><testcase classname="tests.e2e.test_basic_system_flow.TestBasicSystemFlow" name="test_environment_variables" time="0.435" /><testcase classname="tests.e2e.test_basic_system_flow.TestSystemIntegrationFlow" name="test_docker_availability" time="0.476" /><testcase classname="tests.e2e.test_basic_system_flow.TestSystemIntegrationFlow" name="test_network_connectivity" time="0.466" /><testcase classname="tests.e2e.test_basic_system_flow.TestSystemIntegrationFlow" name="test_system_resource_monitoring" time="0.540" /><testcase classname="tests.e2e.test_basic_system_flow.TestSystemIntegrationFlow" name="test_process_management" time="0.454" /><testcase classname="tests.e2e.test_basic_system_flow.TestConfigurationFlow" name="test_config_file_parsing" time="0.443" /><testcase classname="tests.e2e.test_basic_system_flow.TestConfigurationFlow" name="test_environment_specific_config" time="0.435" /><testcase classname="tests.installation.test_rstudio_installation" name="test_r_installation" time="0.485" /><testcase classname="tests.installation.test_rstudio_installation" name="test_rstudio_installation" time="0.937" /><testcase classname="tests.installation.test_rstudio_installation" name="test_r_libraries" time="3.719" /><testcase classname="tests.installation.test_rstudio_installation" name="test_r_profile" time="0.440" /><testcase classname="tests.installation.test_rstudio_installation" name="test_example_script" time="0.441" /><testcase classname="tests.installation.test_rstudio_installation" name="test_desktop_shortcut" time="0.433" /><testcase classname="tests.installation.test_rstudio_installation" name="test_r_dask_connection" time="1.534"><skipped type="pytest.skip" message="Conexão Dask do R não testada (cluster pode não estar rodando)">/home/dcm/Projetos/cluster-ai/tests/installation/test_rstudio_installation.py:161: Conexão Dask do R não testada (cluster pode não estar rodando)</skipped></testcase><testcase classname="tests.integration.test_android_worker_integration.TestAndroidWorkerIntegration" name="test_android_worker_discovery_simulation" time="0.498" /><testcase classname="tests.integration.test_android_worker_integration.TestAndroidWorkerIntegration" name="test_android_worker_registration_flow" time="0.449" /><testcase classname="tests.integration.test_android_worker_integration.TestAndroidWorkerIntegration" name="test_android_worker_ssh_connection" time="0.454" /><testcase classname="tests.integration.test_android_worker_integration.TestAndroidWorkerIntegration" name="test_android_worker_script_execution" time="0.480" /><testcase classname="tests.integration.test_android_worker_integration.TestAndroidWorkerIntegration" name="test_android_worker_health_check" time="0.447" /><testcase classname="tests.integration.test_android_worker_integration.TestAndroidWorkerIntegration" name="test_android_worker_resource_monitoring" time="0.447" /><testcase classname="tests.integration.test_android_worker_integration.TestAndroidWorkerIntegration" name="test_full_android_worker_lifecycle" time="0.630" /><testcase classname="tests.integration.test_cluster_edge_cases.TestClusterEdgeCases" name="test_empty_cluster_operations" time="0.459" /><testcase classname="tests.integration.test_cluster_edge_cases.TestClusterEdgeCases" name="test_max_workers_scenario" time="0.448" /><testcase classname="tests.integration.test_cluster_edge_cases.TestClusterEdgeCases" name="test_network_partition_simulation" time="0.449" /><testcase classname="tests.integration.test_cluster_edge_cases.TestClusterEdgeCases" name="test_resource_exhaustion_handling" time="0.458" /><testcase classname="tests.integration.test_cluster_edge_cases.TestClusterEdgeCases" name="test_concurrent_operations" time="0.556" /><testcase classname="tests.integration.test_cluster_edge_cases.TestClusterEdgeCases" name="test_invalid_configuration_handling" time="0.460" /><testcase classname="tests.integration.test_cluster_edge_cases.TestClusterEdgeCases" name="test_service_restart_scenarios" time="0.445" /><testcase classname="tests.integration.test_cluster_edge_cases.TestClusterEdgeCases" name="test_large_file_operations" time="0.442" /><testcase classname="tests.integration.test_cluster_edge_cases.TestClusterEdgeCases" name="test_timeout_handling" time="0.548" /><testcase classname="tests.integration.test_cluster_edge_cases.TestClusterEdgeCases" name="test_error_recovery" time="0.455" /><testcase classname="tests.integration.test_cluster_edge_cases.TestClusterEdgeCases" name="test_boundary_conditions" time="0.449" /><testcase classname="tests.integration.test_cluster_edge_cases.TestClusterEdgeCases" name="test_unicode_handling" time="0.445" /><testcase classname="tests.integration.test_cluster_edge_cases.TestClusterEdgeCases" name="test_process_signal_handling" time="0.440" /><testcase classname="tests.integration.test_cluster_edge_cases.TestClusterEdgeCases" name="test_memory_cleanup" time="0.476" /><testcase classname="tests.integration.test_cluster_edge_cases.TestClusterEdgeCases" name="test_file_descriptor_leaks" time="0.450" /><testcase classname="tests.integration.test_dask_integration.TestDaskClusterIntegration" name="test_real_cluster_computation" time="1.764" /><testcase classname="tests.integration.test_dask_integration.TestDaskClusterIntegration" name="test_real_cluster_fibonacci_computation" time="0.552" /><testcase classname="tests.integration.test_dask_integration.TestDaskMonitoringIntegration" name="test_monitoring_collects_dask_metrics" time="0.529" /><testcase classname="tests.integration.test_dask_integration.TestDaskMonitoringIntegration" name="test_monitoring_dashboard_includes_dask_section" time="0.538" /><testcase classname="tests.integration.test_dask_integration.TestDaskMonitoringIntegration" name="test_monitoring_alerts_dask_specific" time="0.544" /><testcase classname="tests.integration.test_dask_integration.TestDaskMonitoringIntegration" name="test_monitoring_json_report_includes_dask" time="0.533" /><testcase classname="tests.integration.test_dask_integration.TestDaskAlertSystemIntegration" name="test_dask_high_failure_rate_alert" time="0.539" /><testcase classname="tests.integration.test_dask_integration.TestDaskAlertSystemIntegration" name="test_dask_worker_loss_alert" time="0.538" /><testcase classname="tests.integration.test_dask_integration.TestDaskAlertSystemIntegration" name="test_dask_pending_tasks_alert" time="0.525" /><testcase classname="tests.integration.test_dask_integration.TestDaskAlertSystemIntegration" name="test_dask_scheduler_performance_alert" time="0.531" /><testcase classname="tests.integration.test_dask_integration.TestDaskRecoveryIntegration" name="test_dask_worker_recovery_simulation" time="0.526" /><testcase classname="tests.integration.test_dask_integration.TestDaskRecoveryIntegration" name="test_dask_task_failure_recovery" time="0.540" /><testcase classname="tests.integration.test_dask_integration.TestDaskRecoveryIntegration" name="test_dask_memory_cleanup_recovery" time="0.538" /><testcase classname="tests.integration.test_dask_integration.TestDaskPerformanceMetricsIntegration" name="test_dask_throughput_calculation" time="0.560" /><testcase classname="tests.integration.test_dask_integration.TestDaskPerformanceMetricsIntegration" name="test_dask_latency_tracking" time="0.553" /><testcase classname="tests.integration.test_dask_integration.TestDaskPerformanceMetricsIntegration" name="test_dask_resource_utilization_tracking" time="0.606" /><testcase classname="tests.integration.test_deployment_features.TestAutoDiscoverWorkers" name="test_auto_discover_workers_script_exists" time="0.541" /><testcase classname="tests.integration.test_deployment_features.TestAutoDiscoverWorkers" name="test_auto_discover_workers_basic_execution" time="0.556" /><testcase classname="tests.integration.test_deployment_features.TestAutoDiscoverWorkers" name="test_auto_discover_workers_with_mock_kubectl" time="0.549" /><testcase classname="tests.integration.test_deployment_features.TestWebUIInstaller" name="test_webui_installer_script_exists" time="0.534" /><testcase classname="tests.integration.test_deployment_features.TestWebUIInstaller" name="test_webui_installer_content_validation" time="0.515" /><testcase classname="tests.integration.test_deployment_features.TestWebUIInstaller" name="test_webui_installer_dry_run" time="0.541" /><testcase classname="tests.integration.test_deployment_features.TestWebUIInstaller" name="test_webui_installer_creates_alert_script" time="0.590" /><testcase classname="tests.integration.test_deployment_features.TestDeploymentIntegration" name="test_deployment_scripts_compatibility" time="0.572" /><testcase classname="tests.integration.test_deployment_features.TestDeploymentIntegration" name="test_deployment_directory_structure" time="0.533" /><testcase classname="tests.integration.test_deployment_features.TestDeploymentIntegration" name="test_deployment_script_basic_validation[auto_discover_workers.sh]" time="0.541" /><testcase classname="tests.integration.test_deployment_features.TestDeploymentIntegration" name="test_deployment_script_basic_validation[webui-installer.sh]" time="0.553" /><testcase classname="tests.integration.test_deployment_features.TestDeploymentIntegration" name="test_deployment_script_basic_validation[auto_discover_workers.py]" time="0.535" /><testcase classname="tests.integration.test_deployment_features.TestDeploymentErrorHandling" name="test_auto_discover_workers_kubectl_not_found" time="0.516" /><testcase classname="tests.integration.test_deployment_features.TestDeploymentErrorHandling" name="test_webui_installer_dependency_check" time="0.515" /><testcase classname="tests.integration.test_deployment_features.TestDeploymentPerformance" name="test_auto_discover_workers_execution_time" time="0.555" /><testcase classname="tests.integration.test_deployment_features.TestDeploymentPerformance" name="test_webui_installer_script_size" time="0.513" /><testcase classname="tests.integration.test_manager_integration.TestManagerIntegration" name="test_manager_script_exists" time="0.518" /><testcase classname="tests.integration.test_manager_integration.TestManagerIntegration" name="test_manager_help_output" time="0.576" /><testcase classname="tests.integration.test_manager_integration.TestManagerIntegration" name="test_manager_basic_execution" time="0.549" /><testcase classname="tests.integration.test_manager_integration.TestManagerIntegration" name="test_docker_integration" time="0.549" /><testcase classname="tests.integration.test_manager_integration.TestManagerIntegration" name="test_python_environment" time="0.528" /><testcase classname="tests.integration.test_manager_integration.TestManagerIntegration" name="test_project_structure" time="0.524" /><testcase classname="tests.integration.test_manager_integration.TestManagerIntegration" name="test_scripts_directory_structure" time="0.521" /><testcase classname="tests.integration.test_manager_integration.TestManagerIntegration" name="test_configuration_files" time="0.549" /><testcase classname="tests.integration.test_manager_integration.TestServiceIntegration" name="test_service_status_check" time="0.521" /><testcase classname="tests.integration.test_manager_integration.TestServiceIntegration" name="test_log_file_creation" time="0.534" /><testcase classname="tests.integration.test_manager_integration.TestServiceIntegration" name="test_temp_file_handling" time="0.520" /><testcase classname="tests.integration.test_manager_integration.TestSecurityIntegration" name="test_security_scripts_accessible" time="0.530" /><testcase classname="tests.integration.test_manager_integration.TestSecurityIntegration" name="test_security_test_execution" time="0.547" /><testcase classname="tests.integration.test_manager_integration.TestSecurityIntegration" name="test_audit_log_creation" time="0.518" /><testcase classname="tests.integration.test_manager_integration.TestOptimizationIntegration" name="test_optimization_scripts_exist" time="0.518" /><testcase classname="tests.integration.test_manager_integration.TestOptimizationIntegration" name="test_resource_monitoring" time="0.626" /><testcase classname="tests.monitoring.test_resource_monitor.TestResourceMonitor" name="test_get_local_resources_success" time="0.537" /><testcase classname="tests.monitoring.test_resource_monitor.TestResourceMonitor" name="test_get_remote_resources_success" time="0.521" /><testcase classname="tests.monitoring.test_resource_monitor.TestResourceMonitor" name="test_monitor_worker_resources_local" time="1.535" /><testcase classname="tests.monitoring.test_resource_monitor.TestResourceMonitor" name="test_monitor_worker_resources_remote" time="0.523" /><testcase classname="tests.performance.test_deployment_performance.TestDeploymentPerformance" name="test_auto_discover_workers_performance" time="2.436" /><testcase classname="tests.performance.test_deployment_performance.TestDeploymentPerformance" name="test_webui_installer_simulation_performance" time="1.693" /><testcase classname="tests.performance.test_deployment_performance.TestDeploymentPerformance" name="test_deployment_script_memory_usage" time="0.572" /><testcase classname="tests.performance.test_deployment_performance.TestDeploymentPerformance" name="test_deployment_script_cpu_usage" time="0.776" /><testcase classname="tests.performance.test_deployment_performance.TestDeploymentPerformance" name="test_script_execution_time[auto_discover_workers.sh]" time="0.560" /><testcase classname="tests.performance.test_deployment_performance.TestDeploymentPerformance" name="test_script_execution_time[webui-installer.sh]" time="30.606"><skipped type="pytest.skip" message="Script webui-installer.sh excedeu timeout">/home/dcm/Projetos/cluster-ai/tests/performance/test_deployment_performance.py:169: Script webui-installer.sh excedeu timeout</skipped></testcase><testcase classname="tests.performance.test_deployment_performance.TestDeploymentPerformance" name="test_parallel_installation_performance" time="1.768" /><testcase classname="tests.performance.test_deployment_performance.TestDeploymentPerformance" name="test_caching_effectiveness_simulation" time="0.698" /><testcase classname="tests.performance.test_deployment_performance.TestDeploymentPerformance" name="test_memory_monitoring_overhead" time="1.508" /><testcase classname="tests.performance.test_deployment_performance.TestDeploymentPerformance" name="test_disk_io_performance_simulation" time="1.644" /><testcase classname="tests.performance.test_deployment_performance.TestDeploymentScalability" name="test_multiple_worker_discovery_simulation" time="1.285" /><testcase classname="tests.performance.test_deployment_performance.TestDeploymentScalability" name="test_concurrent_deployment_simulation" time="0.683" /><testcase classname="tests.performance.test_deployment_performance.TestDeploymentScalability" name="test_memory_scaling_simulation" time="0.643" /><testcase classname="tests.performance.test_deployment_performance.TestDeploymentReliability" name="test_script_error_recovery" time="0.588" /><testcase classname="tests.performance.test_deployment_performance.TestDeploymentReliability" name="test_deployment_state_consistency" time="0.526" /><testcase classname="tests.performance.test_deployment_performance.TestDeploymentReliability" name="test_long_running_deployment_stability" time="1.557" /><testcase classname="tests.performance.test_deployment_performance.TestDeploymentReliability" name="test_disk_caching_effectiveness" time="1.128" /><testcase classname="tests.performance.test_deployment_performance.TestDeploymentReliability" name="test_memory_limit_enforcement" time="0.981" /><testcase classname="tests.performance.test_deployment_performance.TestDeploymentReliability" name="test_performance_recovery_automation" time="0.682" /><testcase classname="tests.performance.test_deployment_performance.TestDeploymentReliability" name="test_advanced_disk_io_benchmarks" time="1.486" /><testcase classname="tests.performance.test_deployment_performance.TestDeploymentReliability" name="test_cache_performance_under_load" time="1.802" /><testcase classname="tests.performance.test_deployment_performance.TestDaskPerformance" name="test_dask_task_execution_performance" time="2.978" /><testcase classname="tests.performance.test_deployment_performance.TestDaskPerformance" name="test_dask_scalability_simulation" time="1.642" /><testcase classname="tests.performance.test_deployment_performance.TestDaskPerformance" name="test_dask_memory_efficiency_simulation" time="1.767" /><testcase classname="tests.performance.test_deployment_performance.TestDaskPerformance" name="test_dask_task_scheduling_efficiency" time="1.591" /><testcase classname="tests.performance.test_deployment_performance.TestDaskPerformance" name="test_dask_fault_tolerance_simulation" time="1.605" /><testcase classname="tests.performance.test_deployment_performance.TestDaskPerformance" name="test_dask_data_transfer_simulation" time="1.679" /><testcase classname="tests.performance.test_extended_performance.TestExtendedPerformance" name="test_large_data_processing" time="0.546" /><testcase classname="tests.performance.test_extended_performance.TestExtendedPerformance" name="test_concurrent_file_operations" time="0.572" /><testcase classname="tests.performance.test_extended_performance.TestExtendedPerformance" name="test_memory_intensive_operations" time="0.550" /><testcase classname="tests.performance.test_extended_performance.TestExtendedPerformance" name="test_io_bound_operations_extended" time="0.542" /><testcase classname="tests.performance.test_extended_performance.TestExtendedPerformance" name="test_cpu_bound_computation" time="0.796" /><testcase classname="tests.performance.test_extended_performance.TestExtendedPerformance" name="test_network_simulation_performance" time="0.628" /><testcase classname="tests.performance.test_extended_performance.TestExtendedPerformance" name="test_database_like_operations" time="0.619" /><testcase classname="tests.performance.test_extended_performance.TestExtendedPerformance" name="test_algorithmic_complexity" time="0.574" /><testcase classname="tests.performance.test_extended_performance.TestExtendedPerformance" name="test_resource_cleanup_performance" time="0.582" /><testcase classname="tests.performance.test_extended_performance.TestExtendedPerformance" name="test_scalability_simulation" time="0.758" /><testcase classname="tests.performance.test_extended_performance.TestExtendedPerformance" name="test_benchmark_basic_operations" time="1.124" /><testcase classname="tests.performance.test_extended_performance.TestExtendedPerformance" name="test_benchmark_file_operations" time="1.016" /><testcase classname="tests.performance.test_extended_performance.TestExtendedPerformance" name="test_benchmark_memory_operations" time="1.783" /><testcase classname="tests.performance.test_performance.TestPerformance" name="test_script_execution_time" time="1.990"><skipped type="pytest.skip" message="Script scripts/health_check.sh does not exist">/home/dcm/Projetos/cluster-ai/tests/performance/test_performance.py:65: Script scripts/health_check.sh does not exist</skipped></testcase><testcase classname="tests.performance.test_performance.TestPerformance" name="test_memory_usage" time="1.549"><failure message="AssertionError: Memory usage too high: 803.9MB (limit 800MB)&#10;assert 803.890625 &lt; 800">tests/performance/test_performance.py:86: in test_memory_usage
    assert (
E   AssertionError: Memory usage too high: 803.9MB (limit 800MB)
E   assert 803.890625 &lt; 800</failure></testcase></testsuite></testsuites>