<?xml version="1.0" encoding="utf-8"?><testsuites name="pytest tests"><testsuite name="pytest" errors="0" failures="0" skipped="3" tests="261" time="207.293" timestamp="2025-09-29T15:34:11.498247-03:00" hostname="note-dago"><testcase classname="" name="tests.unit.test_installation" time="0.000"><skipped message="collection skipped">('/home/dcm/Projetos/cluster-ai/tests/unit/test_installation.py', 20, 'Skipped: Não foi possível importar os módulos do projeto. Pulando testes unitários.')</skipped></testcase><testcase classname="tests.e2e.test_basic_system_flow.TestBasicSystemFlow" name="test_project_structure_integrity" time="0.004" /><testcase classname="tests.e2e.test_basic_system_flow.TestBasicSystemFlow" name="test_manager_script_execution" time="0.031" /><testcase classname="tests.e2e.test_basic_system_flow.TestBasicSystemFlow" name="test_python_environment_setup" time="0.339" /><testcase classname="tests.e2e.test_basic_system_flow.TestBasicSystemFlow" name="test_requirements_installation" time="1.692" /><testcase classname="tests.e2e.test_basic_system_flow.TestBasicSystemFlow" name="test_script_permissions" time="0.003" /><testcase classname="tests.e2e.test_basic_system_flow.TestBasicSystemFlow" name="test_log_directory_creation" time="0.004" /><testcase classname="tests.e2e.test_basic_system_flow.TestBasicSystemFlow" name="test_config_directory_structure" time="0.004" /><testcase classname="tests.e2e.test_basic_system_flow.TestBasicSystemFlow" name="test_system_dependencies_check" time="0.012" /><testcase classname="tests.e2e.test_basic_system_flow.TestBasicSystemFlow" name="test_file_system_permissions" time="0.001" /><testcase classname="tests.e2e.test_basic_system_flow.TestBasicSystemFlow" name="test_environment_variables" time="0.002" /><testcase classname="tests.e2e.test_basic_system_flow.TestSystemIntegrationFlow" name="test_docker_availability" time="0.025" /><testcase classname="tests.e2e.test_basic_system_flow.TestSystemIntegrationFlow" name="test_network_connectivity" time="0.002" /><testcase classname="tests.e2e.test_basic_system_flow.TestSystemIntegrationFlow" name="test_system_resource_monitoring" time="0.103" /><testcase classname="tests.e2e.test_basic_system_flow.TestSystemIntegrationFlow" name="test_process_management" time="0.005" /><testcase classname="tests.e2e.test_basic_system_flow.TestConfigurationFlow" name="test_config_file_parsing" time="0.002" /><testcase classname="tests.e2e.test_basic_system_flow.TestConfigurationFlow" name="test_environment_specific_config" time="0.001" /><testcase classname="tests.installation.test_rstudio_installation" name="test_r_installation" time="0.014" /><testcase classname="tests.installation.test_rstudio_installation" name="test_rstudio_installation" time="0.460" /><testcase classname="tests.installation.test_rstudio_installation" name="test_r_libraries" time="3.455" /><testcase classname="tests.installation.test_rstudio_installation" name="test_r_profile" time="0.002" /><testcase classname="tests.installation.test_rstudio_installation" name="test_example_script" time="0.001" /><testcase classname="tests.installation.test_rstudio_installation" name="test_desktop_shortcut" time="0.002" /><testcase classname="tests.installation.test_rstudio_installation" name="test_r_dask_connection" time="1.136"><skipped type="pytest.skip" message="Conexão Dask do R não testada (cluster pode não estar rodando)">/home/dcm/Projetos/cluster-ai/tests/installation/test_rstudio_installation.py:161: Conexão Dask do R não testada (cluster pode não estar rodando)</skipped></testcase><testcase classname="tests.integration.test_android_worker_integration.TestAndroidWorkerIntegration" name="test_android_worker_discovery_simulation" time="0.145" /><testcase classname="tests.integration.test_android_worker_integration.TestAndroidWorkerIntegration" name="test_android_worker_registration_flow" time="0.012" /><testcase classname="tests.integration.test_android_worker_integration.TestAndroidWorkerIntegration" name="test_android_worker_ssh_connection" time="0.003" /><testcase classname="tests.integration.test_android_worker_integration.TestAndroidWorkerIntegration" name="test_android_worker_script_execution" time="0.002" /><testcase classname="tests.integration.test_android_worker_integration.TestAndroidWorkerIntegration" name="test_android_worker_health_check" time="0.006" /><testcase classname="tests.integration.test_android_worker_integration.TestAndroidWorkerIntegration" name="test_android_worker_resource_monitoring" time="0.005" /><testcase classname="tests.integration.test_android_worker_integration.TestAndroidWorkerIntegration" name="test_full_android_worker_lifecycle" time="0.262" /><testcase classname="tests.integration.test_cluster_edge_cases.TestClusterEdgeCases" name="test_empty_cluster_operations" time="0.001" /><testcase classname="tests.integration.test_cluster_edge_cases.TestClusterEdgeCases" name="test_max_workers_scenario" time="0.001" /><testcase classname="tests.integration.test_cluster_edge_cases.TestClusterEdgeCases" name="test_network_partition_simulation" time="0.001" /><testcase classname="tests.integration.test_cluster_edge_cases.TestClusterEdgeCases" name="test_resource_exhaustion_handling" time="0.001" /><testcase classname="tests.integration.test_cluster_edge_cases.TestClusterEdgeCases" name="test_concurrent_operations" time="0.103" /><testcase classname="tests.integration.test_cluster_edge_cases.TestClusterEdgeCases" name="test_invalid_configuration_handling" time="0.002" /><testcase classname="tests.integration.test_cluster_edge_cases.TestClusterEdgeCases" name="test_service_restart_scenarios" time="0.003" /><testcase classname="tests.integration.test_cluster_edge_cases.TestClusterEdgeCases" name="test_large_file_operations" time="0.003" /><testcase classname="tests.integration.test_cluster_edge_cases.TestClusterEdgeCases" name="test_timeout_handling" time="0.102" /><testcase classname="tests.integration.test_cluster_edge_cases.TestClusterEdgeCases" name="test_error_recovery" time="0.001" /><testcase classname="tests.integration.test_cluster_edge_cases.TestClusterEdgeCases" name="test_boundary_conditions" time="0.001" /><testcase classname="tests.integration.test_cluster_edge_cases.TestClusterEdgeCases" name="test_unicode_handling" time="0.001" /><testcase classname="tests.integration.test_cluster_edge_cases.TestClusterEdgeCases" name="test_process_signal_handling" time="0.001" /><testcase classname="tests.integration.test_cluster_edge_cases.TestClusterEdgeCases" name="test_memory_cleanup" time="0.001" /><testcase classname="tests.integration.test_cluster_edge_cases.TestClusterEdgeCases" name="test_file_descriptor_leaks" time="0.001" /><testcase classname="tests.integration.test_dask_integration.TestDaskClusterIntegration" name="test_real_cluster_computation" time="1.935" /><testcase classname="tests.integration.test_dask_integration.TestDaskClusterIntegration" name="test_real_cluster_fibonacci_computation" time="0.084" /><testcase classname="tests.integration.test_dask_integration.TestDaskMonitoringIntegration" name="test_monitoring_collects_dask_metrics" time="0.011" /><testcase classname="tests.integration.test_dask_integration.TestDaskMonitoringIntegration" name="test_monitoring_dashboard_includes_dask_section" time="0.006" /><testcase classname="tests.integration.test_dask_integration.TestDaskMonitoringIntegration" name="test_monitoring_alerts_dask_specific" time="0.007" /><testcase classname="tests.integration.test_dask_integration.TestDaskMonitoringIntegration" name="test_monitoring_json_report_includes_dask" time="0.007" /><testcase classname="tests.integration.test_dask_integration.TestDaskAlertSystemIntegration" name="test_dask_high_failure_rate_alert" time="0.002" /><testcase classname="tests.integration.test_dask_integration.TestDaskAlertSystemIntegration" name="test_dask_worker_loss_alert" time="0.001" /><testcase classname="tests.integration.test_dask_integration.TestDaskAlertSystemIntegration" name="test_dask_pending_tasks_alert" time="0.001" /><testcase classname="tests.integration.test_dask_integration.TestDaskAlertSystemIntegration" name="test_dask_scheduler_performance_alert" time="0.002" /><testcase classname="tests.integration.test_dask_integration.TestDaskRecoveryIntegration" name="test_dask_worker_recovery_simulation" time="0.002" /><testcase classname="tests.integration.test_dask_integration.TestDaskRecoveryIntegration" name="test_dask_task_failure_recovery" time="0.001" /><testcase classname="tests.integration.test_dask_integration.TestDaskRecoveryIntegration" name="test_dask_memory_cleanup_recovery" time="0.002" /><testcase classname="tests.integration.test_dask_integration.TestDaskPerformanceMetricsIntegration" name="test_dask_throughput_calculation" time="0.002" /><testcase classname="tests.integration.test_dask_integration.TestDaskPerformanceMetricsIntegration" name="test_dask_latency_tracking" time="0.002" /><testcase classname="tests.integration.test_dask_integration.TestDaskPerformanceMetricsIntegration" name="test_dask_resource_utilization_tracking" time="0.028" /><testcase classname="tests.integration.test_deployment_features.TestAutoDiscoverWorkers" name="test_auto_discover_workers_script_exists" time="0.001" /><testcase classname="tests.integration.test_deployment_features.TestAutoDiscoverWorkers" name="test_auto_discover_workers_basic_execution" time="0.019" /><testcase classname="tests.integration.test_deployment_features.TestAutoDiscoverWorkers" name="test_auto_discover_workers_with_mock_kubectl" time="0.003" /><testcase classname="tests.integration.test_deployment_features.TestWebUIInstaller" name="test_webui_installer_script_exists" time="0.002" /><testcase classname="tests.integration.test_deployment_features.TestWebUIInstaller" name="test_webui_installer_content_validation" time="0.002" /><testcase classname="tests.integration.test_deployment_features.TestWebUIInstaller" name="test_webui_installer_dry_run" time="0.003" /><testcase classname="tests.integration.test_deployment_features.TestWebUIInstaller" name="test_webui_installer_creates_alert_script" time="0.002" /><testcase classname="tests.integration.test_deployment_features.TestDeploymentIntegration" name="test_deployment_scripts_compatibility" time="0.002" /><testcase classname="tests.integration.test_deployment_features.TestDeploymentIntegration" name="test_deployment_directory_structure" time="0.003" /><testcase classname="tests.integration.test_deployment_features.TestDeploymentIntegration" name="test_deployment_script_basic_validation[auto_discover_workers.sh]" time="0.002" /><testcase classname="tests.integration.test_deployment_features.TestDeploymentIntegration" name="test_deployment_script_basic_validation[webui-installer.sh]" time="0.002" /><testcase classname="tests.integration.test_deployment_features.TestDeploymentIntegration" name="test_deployment_script_basic_validation[auto_discover_workers.py]" time="0.001" /><testcase classname="tests.integration.test_deployment_features.TestDeploymentErrorHandling" name="test_auto_discover_workers_kubectl_not_found" time="0.002" /><testcase classname="tests.integration.test_deployment_features.TestDeploymentErrorHandling" name="test_webui_installer_dependency_check" time="0.001" /><testcase classname="tests.integration.test_deployment_features.TestDeploymentPerformance" name="test_auto_discover_workers_execution_time" time="0.019" /><testcase classname="tests.integration.test_deployment_features.TestDeploymentPerformance" name="test_webui_installer_script_size" time="0.001" /><testcase classname="tests.integration.test_manager_integration.TestManagerIntegration" name="test_manager_script_exists" time="0.002" /><testcase classname="tests.integration.test_manager_integration.TestManagerIntegration" name="test_manager_help_output" time="0.032" /><testcase classname="tests.integration.test_manager_integration.TestManagerIntegration" name="test_manager_basic_execution" time="0.031" /><testcase classname="tests.integration.test_manager_integration.TestManagerIntegration" name="test_docker_integration" time="0.021" /><testcase classname="tests.integration.test_manager_integration.TestManagerIntegration" name="test_python_environment" time="0.004" /><testcase classname="tests.integration.test_manager_integration.TestManagerIntegration" name="test_project_structure" time="0.002" /><testcase classname="tests.integration.test_manager_integration.TestManagerIntegration" name="test_scripts_directory_structure" time="0.002" /><testcase classname="tests.integration.test_manager_integration.TestManagerIntegration" name="test_configuration_files" time="0.002" /><testcase classname="tests.integration.test_manager_integration.TestServiceIntegration" name="test_service_status_check" time="0.001" /><testcase classname="tests.integration.test_manager_integration.TestServiceIntegration" name="test_log_file_creation" time="0.002" /><testcase classname="tests.integration.test_manager_integration.TestServiceIntegration" name="test_temp_file_handling" time="0.002" /><testcase classname="tests.integration.test_manager_integration.TestSecurityIntegration" name="test_security_scripts_accessible" time="0.002" /><testcase classname="tests.integration.test_manager_integration.TestSecurityIntegration" name="test_security_test_execution" time="0.026" /><testcase classname="tests.integration.test_manager_integration.TestSecurityIntegration" name="test_audit_log_creation" time="0.003" /><testcase classname="tests.integration.test_manager_integration.TestOptimizationIntegration" name="test_optimization_scripts_exist" time="0.001" /><testcase classname="tests.integration.test_manager_integration.TestOptimizationIntegration" name="test_resource_monitoring" time="0.102" /><testcase classname="tests.monitoring.test_resource_monitor.TestResourceMonitor" name="test_get_local_resources_success" time="0.012" /><testcase classname="tests.monitoring.test_resource_monitor.TestResourceMonitor" name="test_get_remote_resources_success" time="0.002" /><testcase classname="tests.monitoring.test_resource_monitor.TestResourceMonitor" name="test_monitor_worker_resources_local" time="1.002" /><testcase classname="tests.monitoring.test_resource_monitor.TestResourceMonitor" name="test_monitor_worker_resources_remote" time="0.002" /><testcase classname="tests.performance.test_deployment_performance.TestDeploymentPerformance" name="test_auto_discover_workers_performance" time="1.878" /><testcase classname="tests.performance.test_deployment_performance.TestDeploymentPerformance" name="test_webui_installer_simulation_performance" time="1.156" /><testcase classname="tests.performance.test_deployment_performance.TestDeploymentPerformance" name="test_deployment_script_memory_usage" time="0.019" /><testcase classname="tests.performance.test_deployment_performance.TestDeploymentPerformance" name="test_deployment_script_cpu_usage" time="0.233" /><testcase classname="tests.performance.test_deployment_performance.TestDeploymentPerformance" name="test_script_execution_time[auto_discover_workers.sh]" time="0.018" /><testcase classname="tests.performance.test_deployment_performance.TestDeploymentPerformance" name="test_script_execution_time[webui-installer.sh]" time="16.558" /><testcase classname="tests.performance.test_deployment_performance.TestDeploymentPerformance" name="test_parallel_installation_performance" time="1.133" /><testcase classname="tests.performance.test_deployment_performance.TestDeploymentPerformance" name="test_caching_effectiveness_simulation" time="0.152" /><testcase classname="tests.performance.test_deployment_performance.TestDeploymentPerformance" name="test_memory_monitoring_overhead" time="1.000" /><testcase classname="tests.performance.test_deployment_performance.TestDeploymentPerformance" name="test_disk_io_performance_simulation" time="1.159" /><testcase classname="tests.performance.test_deployment_performance.TestDeploymentScalability" name="test_multiple_worker_discovery_simulation" time="0.726" /><testcase classname="tests.performance.test_deployment_performance.TestDeploymentScalability" name="test_concurrent_deployment_simulation" time="0.103" /><testcase classname="tests.performance.test_deployment_performance.TestDeploymentScalability" name="test_memory_scaling_simulation" time="0.087" /><testcase classname="tests.performance.test_deployment_performance.TestDeploymentReliability" name="test_script_error_recovery" time="0.051" /><testcase classname="tests.performance.test_deployment_performance.TestDeploymentReliability" name="test_deployment_state_consistency" time="0.002" /><testcase classname="tests.performance.test_deployment_performance.TestDeploymentReliability" name="test_long_running_deployment_stability" time="1.002" /><testcase classname="tests.performance.test_deployment_performance.TestDeploymentReliability" name="test_disk_caching_effectiveness" time="0.657" /><testcase classname="tests.performance.test_deployment_performance.TestDeploymentReliability" name="test_memory_limit_enforcement" time="0.565" /><testcase classname="tests.performance.test_deployment_performance.TestDeploymentReliability" name="test_performance_recovery_automation" time="0.143" /><testcase classname="tests.performance.test_deployment_performance.TestDeploymentReliability" name="test_advanced_disk_io_benchmarks" time="0.874" /><testcase classname="tests.performance.test_deployment_performance.TestDeploymentReliability" name="test_cache_performance_under_load" time="1.268" /><testcase classname="tests.performance.test_deployment_performance.TestDaskPerformance" name="test_dask_task_execution_performance" time="1.195" /><testcase classname="tests.performance.test_deployment_performance.TestDaskPerformance" name="test_dask_scalability_simulation" time="1.021" /><testcase classname="tests.performance.test_deployment_performance.TestDaskPerformance" name="test_dask_memory_efficiency_simulation" time="1.057" /><testcase classname="tests.performance.test_deployment_performance.TestDaskPerformance" name="test_dask_task_scheduling_efficiency" time="0.977" /><testcase classname="tests.performance.test_deployment_performance.TestDaskPerformance" name="test_dask_fault_tolerance_simulation" time="1.084" /><testcase classname="tests.performance.test_deployment_performance.TestDaskPerformance" name="test_dask_data_transfer_simulation" time="1.034" /><testcase classname="tests.performance.test_extended_performance.TestExtendedPerformance" name="test_large_data_processing" time="0.007" /><testcase classname="tests.performance.test_extended_performance.TestExtendedPerformance" name="test_concurrent_file_operations" time="0.012" /><testcase classname="tests.performance.test_extended_performance.TestExtendedPerformance" name="test_memory_intensive_operations" time="0.005" /><testcase classname="tests.performance.test_extended_performance.TestExtendedPerformance" name="test_io_bound_operations_extended" time="0.007" /><testcase classname="tests.performance.test_extended_performance.TestExtendedPerformance" name="test_cpu_bound_computation" time="0.209" /><testcase classname="tests.performance.test_extended_performance.TestExtendedPerformance" name="test_network_simulation_performance" time="0.052" /><testcase classname="tests.performance.test_extended_performance.TestExtendedPerformance" name="test_database_like_operations" time="0.005" /><testcase classname="tests.performance.test_extended_performance.TestExtendedPerformance" name="test_algorithmic_complexity" time="0.003" /><testcase classname="tests.performance.test_extended_performance.TestExtendedPerformance" name="test_resource_cleanup_performance" time="0.012" /><testcase classname="tests.performance.test_extended_performance.TestExtendedPerformance" name="test_scalability_simulation" time="0.001" /><testcase classname="tests.performance.test_extended_performance.TestExtendedPerformance" name="test_benchmark_basic_operations" time="0.755" /><testcase classname="tests.performance.test_extended_performance.TestExtendedPerformance" name="test_benchmark_file_operations" time="0.475" /><testcase classname="tests.performance.test_extended_performance.TestExtendedPerformance" name="test_benchmark_memory_operations" time="0.946" /><testcase classname="tests.performance.test_performance.TestPerformance" name="test_script_execution_time" time="1.860"><skipped type="pytest.skip" message="Script scripts/health_check.sh does not exist">/home/dcm/Projetos/cluster-ai/tests/performance/test_performance.py:59: Script scripts/health_check.sh does not exist</skipped></testcase><testcase classname="tests.performance.test_performance.TestPerformance" name="test_memory_usage" time="0.284" /><testcase classname="tests.performance.test_performance.TestPerformance" name="test_cpu_usage" time="2.003" /><testcase classname="tests.performance.test_performance.TestPerformance" name="test_file_operations_performance" time="0.002" /><testcase classname="tests.performance.test_performance.TestPerformance" name="test_import_performance" time="0.001" /><testcase classname="tests.performance.test_performance.TestPerformance" name="test_concurrent_operations" time="0.103" /><testcase classname="tests.performance.test_performance.TestPerformance" name="test_large_data_handling" time="0.007" /><testcase classname="tests.performance.test_performance_benchmarks.TestPerformanceBenchmarks" name="test_cpu_usage_baseline" time="1.003" /><testcase classname="tests.performance.test_performance_benchmarks.TestPerformanceBenchmarks" name="test_memory_usage_baseline" time="0.003" /><testcase classname="tests.performance.test_performance_benchmarks.TestPerformanceBenchmarks" name="test_disk_io_performance" time="0.003" /><testcase classname="tests.performance.test_performance_benchmarks.TestPerformanceBenchmarks" name="test_file_operations_performance" time="0.276" /><testcase classname="tests.performance.test_performance_benchmarks.TestPerformanceBenchmarks" name="test_string_operations_performance" time="0.774" /><testcase classname="tests.performance.test_performance_benchmarks.TestPerformanceBenchmarks" name="test_list_operations_performance" time="0.650" /><testcase classname="tests.performance.test_performance_benchmarks.TestPerformanceBenchmarks" name="test_dict_operations_performance" time="1.004" /><testcase classname="tests.performance.test_performance_benchmarks.TestPerformanceBenchmarks" name="test_math_operations_performance" time="1.242" /><testcase classname="tests.performance.test_performance_benchmarks.TestPerformanceBenchmarks" name="test_regex_operations_performance" time="0.666" /><testcase classname="tests.performance.test_performance_benchmarks.TestPerformanceBenchmarks" name="test_json_operations_performance" time="0.337" /><testcase classname="tests.performance.test_performance_benchmarks.TestPerformanceBenchmarks" name="test_system_call_performance" time="0.441" /><testcase classname="tests.performance.test_performance_benchmarks.TestResourceMonitoring" name="test_process_monitoring" time="0.001" /><testcase classname="tests.performance.test_performance_benchmarks.TestResourceMonitoring" name="test_network_monitoring" time="0.002" /><testcase classname="tests.performance.test_performance_benchmarks.TestResourceMonitoring" name="test_memory_allocation_performance" time="0.982" /><testcase classname="tests.performance.test_performance_benchmarks.TestResourceMonitoring" name="test_context_switch_performance" time="0.726" /><testcase classname="tests.performance.test_performance_benchmarks.TestScalabilityBenchmarks" name="test_linear_scalability" time="1.017" /><testcase classname="tests.performance.test_performance_benchmarks.TestScalabilityBenchmarks" name="test_concurrent_operations" time="0.407" /><testcase classname="tests.performance.test_performance_benchmarks.TestScalabilityBenchmarks" name="test_io_bound_operations" time="1.036" /><testcase classname="tests.performance.test_web_server_performance.TestWebServerPerformance" name="test_web_server_startup_time" time="4.829" /><testcase classname="tests.performance.test_web_server_performance.TestWebServerPerformance" name="test_web_server_response_time" time="5.106" /><testcase classname="tests.performance.test_web_server_performance.TestWebServerPerformance" name="test_concurrent_requests" time="5.231" /><testcase classname="tests.performance.test_web_server_performance.TestWebServerPerformance" name="test_large_file_download" time="5.107" /><testcase classname="tests.performance.test_web_server_performance.TestWebServerPerformance" name="test_memory_usage_during_load" time="5.309" /><testcase classname="tests.performance.test_web_server_performance.TestWebServerPerformance" name="test_cpu_usage_during_load" time="7.556" /><testcase classname="tests.performance.test_web_server_performance.TestWebServerPerformance" name="test_server_restart_performance" time="10.006" /><testcase classname="tests.performance.test_web_server_performance.TestWebServerPerformance" name="test_port_conflict_handling" time="5.468" /><testcase classname="tests.performance.test_web_server_performance.TestWebServerPerformance" name="test_error_handling_performance" time="0.011" /><testcase classname="tests.performance.test_web_server_performance.TestWebServerPerformance" name="test_shutdown_performance" time="5.550" /><testcase classname="tests.security.test_advanced_security.TestAdvancedSecurity" name="test_file_permissions_security" time="0.001" /><testcase classname="tests.security.test_advanced_security.TestAdvancedSecurity" name="test_no_hardcoded_secrets" time="5.091" /><testcase classname="tests.security.test_advanced_security.TestAdvancedSecurity" name="test_input_validation_security" time="0.001" /><testcase classname="tests.security.test_advanced_security.TestAdvancedSecurity" name="test_path_traversal_protection" time="0.001" /><testcase classname="tests.security.test_advanced_security.TestAdvancedSecurity" name="test_command_injection_protection" time="0.014" /><testcase classname="tests.security.test_advanced_security.TestAdvancedSecurity" name="test_resource_exhaustion_protection" time="0.178" /><testcase classname="tests.security.test_advanced_security.TestAdvancedSecurity" name="test_timing_attack_resistance" time="0.813" /><testcase classname="tests.security.test_advanced_security.TestAdvancedSecurity" name="test_secure_random_generation" time="0.002" /><testcase classname="tests.security.test_advanced_security.TestAdvancedSecurity" name="test_file_integrity_check" time="0.002" /><testcase classname="tests.security.test_advanced_security.TestAdvancedSecurity" name="test_audit_log_security" time="0.002" /><testcase classname="tests.security.test_advanced_security.TestAdvancedSecurity" name="test_environment_variable_security" time="0.001" /><testcase classname="tests.security.test_advanced_security.TestAdvancedSecurity" name="test_network_security" time="0.001" /><testcase classname="tests.security.test_advanced_security.TestAdvancedSecurity" name="test_process_isolation" time="0.006" /><testcase classname="tests.security.test_advanced_security.TestAdvancedSecurity" name="test_secure_file_operations" time="0.002" /><testcase classname="tests.security.test_advanced_security.TestAdvancedSecurity" name="test_configuration_security" time="0.002" /><testcase classname="tests.security.test_advanced_security.TestAdvancedSecurity" name="test_cryptographic_operations" time="0.006" /><testcase classname="tests.security.test_advanced_security.TestAdvancedSecurity" name="test_certificate_validation" time="0.140" /><testcase classname="tests.security.test_advanced_security.TestAdvancedSecurity" name="test_secure_communication_protocols" time="0.015" /><testcase classname="tests.security.test_advanced_security.TestAdvancedSecurity" name="test_intrusion_detection_patterns" time="0.004" /><testcase classname="tests.security.test_advanced_security.TestAdvancedSecurity" name="test_security_event_monitoring" time="0.002" /><testcase classname="tests.security.test_advanced_security.TestAdvancedSecurity" name="test_api_security" time="0.002" /><testcase classname="tests.security.test_advanced_security.TestAdvancedSecurity" name="test_container_security" time="0.002" /><testcase classname="tests.security.test_advanced_security.TestAdvancedSecurity" name="test_database_security" time="0.003" /><testcase classname="tests.security.test_authentication.TestSSHKeySecurity" name="test_ssh_key_generation" time="0.003" /><testcase classname="tests.security.test_authentication.TestSSHKeySecurity" name="test_authorized_keys_security" time="0.002" /><testcase classname="tests.security.test_authentication.TestSSHKeySecurity" name="test_ssh_config_security" time="0.002" /><testcase classname="tests.security.test_authentication.TestPasswordSecurity" name="test_password_complexity" time="0.002" /><testcase classname="tests.security.test_authentication.TestPasswordSecurity" name="test_password_storage" time="0.110" /><testcase classname="tests.security.test_authentication.TestSessionSecurity" name="test_session_timeout" time="0.001" /><testcase classname="tests.security.test_authentication.TestSessionSecurity" name="test_concurrent_session_limit" time="0.001" /><testcase classname="tests.security.test_authentication.TestSessionSecurity" name="test_session_inactivity_timeout" time="0.002" /><testcase classname="tests.security.test_authentication.TestAccessControl" name="test_role_based_access" time="0.001" /><testcase classname="tests.security.test_authentication.TestAccessControl" name="test_resource_access_control" time="0.001" /><testcase classname="tests.security.test_authentication.TestAccessControl" name="test_api_rate_limiting" time="0.001" /><testcase classname="tests.security.test_cluster_security.TestClusterSecurity" name="test_critical_files_permissions" time="0.001" /><testcase classname="tests.security.test_cluster_security.TestClusterSecurity" name="test_secure_subprocess_usage" time="0.005" /><testcase classname="tests.security.test_cluster_security.TestClusterSecurity" name="test_file_integrity_basic" time="0.002" /><testcase classname="tests.security.test_cluster_security.TestClusterSecurity" name="test_secure_temp_file_creation" time="0.002" /><testcase classname="tests.security.test_cluster_security.TestClusterSecurity" name="test_environment_safety" time="0.002" /><testcase classname="tests.security.test_cluster_security.TestClusterSecurity" name="test_hash_security" time="0.001" /><testcase classname="tests.security.test_cluster_security.TestClusterSecurity" name="test_no_obvious_vulnerabilities_in_scripts" time="0.992" /><testcase classname="tests.security.test_cluster_security.TestClusterSecurity" name="test_directory_permissions" time="0.002" /><testcase classname="tests.security.test_cluster_security.TestClusterSecurity" name="test_python_file_security" time="1.373" /><testcase classname="tests.security.test_file_permissions.TestFilePermissions" name="test_config_file_permissions" time="0.002" /><testcase classname="tests.security.test_file_permissions.TestFilePermissions" name="test_log_file_permissions" time="0.002" /><testcase classname="tests.security.test_file_permissions.TestFilePermissions" name="test_ssh_key_permissions" time="0.002" /><testcase classname="tests.security.test_file_permissions.TestFilePermissions" name="test_directory_permissions" time="0.003" /><testcase classname="tests.security.test_file_permissions.TestFilePermissions" name="test_executable_permissions" time="0.002" /><testcase classname="tests.security.test_file_permissions.TestFileSecurity" name="test_no_world_writable_files" time="0.003" /><testcase classname="tests.security.test_file_permissions.TestFileSecurity" name="test_secure_temp_file_creation" time="0.003" /><testcase classname="tests.security.test_file_permissions.TestFileSecurity" name="test_config_file_not_executable" time="0.003" /><testcase classname="tests.security.test_input_validation.TestInputValidation" name="test_ip_address_validation" time="0.002" /><testcase classname="tests.security.test_input_validation.TestInputValidation" name="test_port_validation" time="0.001" /><testcase classname="tests.security.test_input_validation.TestInputValidation" name="test_hostname_validation" time="0.002" /><testcase classname="tests.security.test_input_validation.TestInputValidation" name="test_user_input_sanitization" time="0.001" /><testcase classname="tests.security.test_input_validation.TestInputValidation" name="test_path_traversal_prevention" time="0.002" /><testcase classname="tests.security.test_input_validation.TestCommandInjection" name="test_shell_command_sanitization" time="0.002" /><testcase classname="tests.security.test_input_validation.TestCommandInjection" name="test_subprocess_call_security" time="0.002" /><testcase classname="tests.security.test_input_validation.TestDataValidation" name="test_json_input_validation" time="0.002" /><testcase classname="tests.security.test_input_validation.TestDataValidation" name="test_numeric_input_validation" time="0.001" /><testcase classname="tests.security.test_input_validation.TestDataValidation" name="test_string_length_limits" time="0.001" /><testcase classname="tests.smoke.test_basic_functionality.TestBasicHealth" name="test_project_structure_exists" time="0.002" /><testcase classname="tests.smoke.test_basic_functionality.TestBasicHealth" name="test_configuration_files_exist" time="0.002" /><testcase classname="tests.smoke.test_basic_functionality.TestBasicHealth" name="test_python_environment" time="0.001" /><testcase classname="tests.smoke.test_basic_functionality.TestBasicHealth" name="test_import_core_modules" time="0.001" /><testcase classname="tests.smoke.test_basic_functionality.TestScriptHealth" name="test_main_scripts_exist" time="0.001" /><testcase classname="tests.smoke.test_basic_functionality.TestScriptHealth" name="test_script_syntax" time="0.008" /><testcase classname="tests.smoke.test_basic_functionality.TestConfigurationHealth" name="test_cluster_config_format" time="0.002" /><testcase classname="tests.smoke.test_basic_functionality.TestConfigurationHealth" name="test_environment_variables" time="0.002" /><testcase classname="tests.smoke.test_basic_functionality.TestSecurityHealth" name="test_secure_file_permissions" time="0.002" /><testcase classname="tests.smoke.test_basic_functionality.TestSecurityHealth" name="test_no_world_writable_files" time="7.627" /><testcase classname="tests.smoke.test_system_connectivity.TestNetworkConnectivity" name="test_localhost_connectivity" time="0.001" /><testcase classname="tests.smoke.test_system_connectivity.TestNetworkConnectivity" name="test_dns_resolution" time="0.008" /><testcase classname="tests.smoke.test_system_connectivity.TestPythonEnvironment" name="test_required_modules_available" time="0.001" /><testcase classname="tests.smoke.test_system_connectivity.TestPythonEnvironment" name="test_pytest_functionality" time="0.001" /><testcase classname="tests.smoke.test_system_connectivity.TestPythonEnvironment" name="test_virtual_environment" time="0.001" /><testcase classname="tests.smoke.test_system_connectivity.TestFileSystem" name="test_write_permissions" time="0.003" /><testcase classname="tests.smoke.test_system_connectivity.TestFileSystem" name="test_log_directory_accessible" time="0.002" /><testcase classname="tests.smoke.test_system_connectivity.TestCommandExecution" name="test_basic_commands" time="0.009" /><testcase classname="tests.smoke.test_system_connectivity.TestCommandExecution" name="test_python_execution" time="0.030" /><testcase classname="tests.smoke.test_system_connectivity.TestConfigurationLoading" name="test_config_file_accessible" time="0.002" /><testcase classname="tests.smoke.test_system_connectivity.TestConfigurationLoading" name="test_pytest_config" time="0.002" /><testcase classname="tests.test_backend.TestAuthEndpoints" name="test_create_token_success" time="0.024" /><testcase classname="tests.test_backend.TestAuthEndpoints" name="test_create_token_expired" time="2.002" /><testcase classname="tests.test_backend.TestAuthEndpoints" name="test_protected_endpoint_with_valid_token" time="0.039" /><testcase classname="tests.test_backend.TestAuthEndpoints" name="test_protected_endpoint_without_token" time="0.013" /><testcase classname="tests.test_backend.TestAuthEndpoints" name="test_login_endpoint" time="0.027" /><testcase classname="tests.test_backend.TestWorkersEndpoints" name="test_get_workers" time="0.015" /><testcase time="0.001" /></testsuite></testsuites>